

================================================================
== Vivado HLS Report for 'Block_Mat_exit45_pro'
================================================================
* Date:           Tue Dec 30 00:00:34 2025

* Version:        2018.3 (Build 2405991 on Thu Dec 06 23:56:15 MST 2018)
* Project:        Canny
* Solution:       solution1
* Product family: zynq
* Target device:  xc7z020clg400-1


================================================================
== Performance Estimates
================================================================
+ Timing (ns): 
    * Summary: 
    +--------+-------+----------+------------+
    |  Clock | Target| Estimated| Uncertainty|
    +--------+-------+----------+------------+
    |ap_clk  |  10.00|     3.634|        1.25|
    +--------+-------+----------+------------+

+ Latency (clock cycles): 
    * Summary: 
    +-----+-----+-----+-----+---------+
    |  Latency  |  Interval | Pipeline|
    | min | max | min | max |   Type  |
    +-----+-----+-----+-----+---------+
    |    0|    0|    0|    0|   none  |
    +-----+-----+-----+-----+---------+

    + Detail: 
        * Instance: 
        N/A

        * Loop: 
        N/A



================================================================
== Utilization Estimates
================================================================
* Summary: 
+-----------------+---------+-------+--------+-------+
|       Name      | BRAM_18K| DSP48E|   FF   |  LUT  |
+-----------------+---------+-------+--------+-------+
|DSP              |        -|      -|       -|      -|
|Expression       |        -|      -|       0|      2|
|FIFO             |        -|      -|       -|      -|
|Instance         |        -|      -|       -|      -|
|Memory           |        -|      -|       -|      -|
|Multiplexer      |        -|      -|       -|     72|
|Register         |        -|      -|       2|      -|
+-----------------+---------+-------+--------+-------+
|Total            |        0|      0|       2|     74|
+-----------------+---------+-------+--------+-------+
|Available        |      280|    220|  106400|  53200|
+-----------------+---------+-------+--------+-------+
|Utilization (%)  |        0|      0|   ~0   |   ~0  |
+-----------------+---------+-------+--------+-------+

+ Detail: 
    * Instance: 
    N/A

    * DSP48: 
    N/A

    * Memory: 
    N/A

    * FIFO: 
    N/A

    * Expression: 
    +-----------------+----------+-------+---+----+------------+------------+
    |  Variable Name  | Operation| DSP48E| FF| LUT| Bitwidth P0| Bitwidth P1|
    +-----------------+----------+-------+---+----+------------+------------+
    |ap_block_state1  |    or    |      0|  0|   2|           1|           1|
    +-----------------+----------+-------+---+----+------------+------------+
    |Total            |          |      0|  0|   2|           1|           1|
    +-----------------+----------+-------+---+----+------------+------------+

    * Multiplexer: 
    +--------------------------+----+-----------+-----+-----------+
    |           Name           | LUT| Input Size| Bits| Total Bits|
    +--------------------------+----+-----------+-----+-----------+
    |ap_done                   |   9|          2|    1|          2|
    |imgInput_cols_out_blk_n   |   9|          2|    1|          2|
    |imgInput_rows_out_blk_n   |   9|          2|    1|          2|
    |imgOutput_cols_out_blk_n  |   9|          2|    1|          2|
    |imgOutput_rows_out_blk_n  |   9|          2|    1|          2|
    |img_inp_V_out_blk_n       |   9|          2|    1|          2|
    |img_out_V_out_blk_n       |   9|          2|    1|          2|
    |low_threshold_out_blk_n   |   9|          2|    1|          2|
    +--------------------------+----+-----------+-----+-----------+
    |Total                     |  72|         16|    8|         16|
    +--------------------------+----+-----------+-----+-----------+

    * Register: 
    +-------------+---+----+-----+-----------+
    |     Name    | FF| LUT| Bits| Const Bits|
    +-------------+---+----+-----+-----------+
    |ap_CS_fsm    |  1|   0|    1|          0|
    |ap_done_reg  |  1|   0|    1|          0|
    +-------------+---+----+-----+-----------+
    |Total        |  2|   0|    2|          0|
    +-------------+---+----+-----+-----------+



================================================================
== Interface
================================================================
* Summary: 
+---------------------------+-----+-----+------------+----------------------+--------------+
|         RTL Ports         | Dir | Bits|  Protocol  |     Source Object    |    C Type    |
+---------------------------+-----+-----+------------+----------------------+--------------+
|ap_clk                     |  in |    1| ap_ctrl_hs | Block_Mat.exit45_pro | return value |
|ap_rst                     |  in |    1| ap_ctrl_hs | Block_Mat.exit45_pro | return value |
|ap_start                   |  in |    1| ap_ctrl_hs | Block_Mat.exit45_pro | return value |
|ap_done                    | out |    1| ap_ctrl_hs | Block_Mat.exit45_pro | return value |
|ap_continue                |  in |    1| ap_ctrl_hs | Block_Mat.exit45_pro | return value |
|ap_idle                    | out |    1| ap_ctrl_hs | Block_Mat.exit45_pro | return value |
|ap_ready                   | out |    1| ap_ctrl_hs | Block_Mat.exit45_pro | return value |
|rows                       |  in |   32|   ap_none  |         rows         |    scalar    |
|cols                       |  in |   32|   ap_none  |         cols         |    scalar    |
|low_threshold              |  in |   32|   ap_none  |     low_threshold    |    scalar    |
|imgInput_rows_out_din      | out |   32|   ap_fifo  |   imgInput_rows_out  |    pointer   |
|imgInput_rows_out_full_n   |  in |    1|   ap_fifo  |   imgInput_rows_out  |    pointer   |
|imgInput_rows_out_write    | out |    1|   ap_fifo  |   imgInput_rows_out  |    pointer   |
|imgInput_cols_out_din      | out |   32|   ap_fifo  |   imgInput_cols_out  |    pointer   |
|imgInput_cols_out_full_n   |  in |    1|   ap_fifo  |   imgInput_cols_out  |    pointer   |
|imgInput_cols_out_write    | out |    1|   ap_fifo  |   imgInput_cols_out  |    pointer   |
|imgOutput_rows_out_din     | out |   32|   ap_fifo  |  imgOutput_rows_out  |    pointer   |
|imgOutput_rows_out_full_n  |  in |    1|   ap_fifo  |  imgOutput_rows_out  |    pointer   |
|imgOutput_rows_out_write   | out |    1|   ap_fifo  |  imgOutput_rows_out  |    pointer   |
|imgOutput_cols_out_din     | out |   32|   ap_fifo  |  imgOutput_cols_out  |    pointer   |
|imgOutput_cols_out_full_n  |  in |    1|   ap_fifo  |  imgOutput_cols_out  |    pointer   |
|imgOutput_cols_out_write   | out |    1|   ap_fifo  |  imgOutput_cols_out  |    pointer   |
|low_threshold_out_din      | out |   32|   ap_fifo  |   low_threshold_out  |    pointer   |
|low_threshold_out_full_n   |  in |    1|   ap_fifo  |   low_threshold_out  |    pointer   |
|low_threshold_out_write    | out |    1|   ap_fifo  |   low_threshold_out  |    pointer   |
|img_inp_V                  |  in |   32|   ap_none  |       img_inp_V      |    scalar    |
|img_out_V                  |  in |   32|   ap_none  |       img_out_V      |    scalar    |
|img_inp_V_out_din          | out |   32|   ap_fifo  |     img_inp_V_out    |    pointer   |
|img_inp_V_out_full_n       |  in |    1|   ap_fifo  |     img_inp_V_out    |    pointer   |
|img_inp_V_out_write        | out |    1|   ap_fifo  |     img_inp_V_out    |    pointer   |
|img_out_V_out_din          | out |   32|   ap_fifo  |     img_out_V_out    |    pointer   |
|img_out_V_out_full_n       |  in |    1|   ap_fifo  |     img_out_V_out    |    pointer   |
|img_out_V_out_write        | out |    1|   ap_fifo  |     img_out_V_out    |    pointer   |
+---------------------------+-----+-----+------------+----------------------+--------------+

