16:05:42 INFO  : Registering command handlers for SDK TCF services
16:05:46 INFO  : Launching XSCT server: xsct.bat -interactive D:\robotCourse-master\hw_design\arch\Car\Car.sdk\temp_xsdb_launch_script.tcl
16:05:51 INFO  : XSCT server has started successfully.
16:05:51 INFO  : Successfully done setting XSCT server connection channel  
16:05:58 INFO  : Successfully done setting SDK workspace  
16:05:58 INFO  : Processing command line option -hwspec d:/robotCourse-master/hw_design/arch/Car/Car.sdk/design_1_wrapper.hdf.
09:47:15 INFO  : Registering command handlers for SDK TCF services
09:47:17 INFO  : Launching XSCT server: xsct.bat -interactive D:\robotCourse-master\hw_design\arch\Car\Car.sdk\temp_xsdb_launch_script.tcl
09:47:23 INFO  : XSCT server has started successfully.
09:47:23 INFO  : Successfully done setting XSCT server connection channel  
09:47:29 INFO  : Successfully done setting SDK workspace  
09:47:29 INFO  : Processing command line option -hwspec d:/robotCourse-master/hw_design/arch/Car/Car.sdk/design_1_wrapper.hdf.
09:47:29 INFO  : Checking for hwspec changes in the project design_1_wrapper_hw_platform_0.
12:32:37 INFO  : Invoking Bootgen: bootgen -image output.bif -arch zynq -o D:\robotCourse-master\hw_design\arch\Car\Car.sdk\Car\Debug\BOOT.bin
12:32:37 INFO  : Creating new bif file D:\robotCourse-master\hw_design\arch\Car\Car.sdk\Car\Debug\output.bif
12:32:39 INFO  : Bootgen command execution is done.
12:34:52 INFO  : Invoking Bootgen: bootgen -image output.bif -arch zynq -o D:\robotCourse-master\hw_design\arch\Car\Car.sdk\Car\Debug\BOOT.bin
12:34:52 INFO  : Overwriting existing bif file D:\robotCourse-master\hw_design\arch\Car\Car.sdk\Car\Debug\output.bif
12:34:54 INFO  : Bootgen command execution is done.
12:38:01 INFO  : Invoking Bootgen: bootgen -image output.bif -arch zynq -o D:\robotCourse-master\hw_design\arch\Car\Car.sdk\Car\Debug\BOOT.bin
12:38:02 INFO  : Bootgen command execution is done.
10:22:01 INFO  : Registering command handlers for SDK TCF services
10:22:04 INFO  : Launching XSCT server: xsct.bat -interactive D:\robotCourse-master\hw_design\arch\Car\Car.sdk\temp_xsdb_launch_script.tcl
10:22:09 INFO  : XSCT server has started successfully.
10:22:10 INFO  : Successfully done setting XSCT server connection channel  
10:22:16 INFO  : Successfully done setting SDK workspace  
10:22:16 INFO  : Processing command line option -hwspec d:/robotCourse-master/hw_design/arch/Car/Car.sdk/design_1_wrapper.hdf.
10:22:16 INFO  : Checking for hwspec changes in the project design_1_wrapper_hw_platform_0.
14:09:17 INFO  : Registering command handlers for SDK TCF services
14:09:21 INFO  : Launching XSCT server: xsct.bat -interactive D:\robotCourse-master\hw_design\arch\Car\Car.sdk\temp_xsdb_launch_script.tcl
14:09:28 INFO  : XSCT server has started successfully.
14:09:34 INFO  : Successfully done setting XSCT server connection channel  
14:09:34 INFO  : Successfully done setting SDK workspace  
14:09:34 INFO  : Processing command line option -hwspec d:/robotCourse-master/hw_design/arch/Car/Car.sdk/design_1_wrapper.hdf.
14:09:34 INFO  : Checking for hwspec changes in the project design_1_wrapper_hw_platform_0.
