#-----------------------------------------------------------
# Webtalk v2018.3 (64-bit)
# SW Build 2405991 on Thu Dec  6 23:38:27 MST 2018
# 
# Start of session at: Wed Jun 14 17:54:59 2023
# Process ID: 17220
# Current directory: D:/robotCourse-master/hw_design/arch/Car/Car.sdk/webtalk
# Command line: wbtcv.exe -mode batch -source sdk_webtalk.tcl
# Log file: D:/robotCourse-master/hw_design/arch/Car/Car.sdk/webtalk/webtalk.log
# Journal file: D:/robotCourse-master/hw_design/arch/Car/Car.sdk/webtalk\webtalk.jou
#-----------------------------------------------------------
source sdk_webtalk.tcl
# webtalk_init -webtalk_dir D:\\robotCourse-master\\hw_design\\arch\\Car\\Car.sdk\\webtalk
# webtalk_register_client -client project
# webtalk_add_data -client project -key date_generated -value "2023-06-14 17:54:55" -context "software_version_and_target_device"
# webtalk_add_data -client project -key product_version -value "SDK v2018.3" -context "software_version_and_target_device"
# webtalk_add_data -client project -key build_version -value "2018.3" -context "software_version_and_target_device"
# webtalk_add_data -client project -key os_platform -value "amd64" -context "software_version_and_target_device"
# webtalk_add_data -client project -key registration_id -value "" -context "software_version_and_target_device"
# webtalk_add_data -client project -key tool_flow -value "SDK" -context "software_version_and_target_device"
# webtalk_add_data -client project -key beta -value "false" -context "software_version_and_target_device"
# webtalk_add_data -client project -key route_design -value "NA" -context "software_version_and_target_device"
# webtalk_add_data -client project -key target_family -value "NA" -context "software_version_and_target_device"
# webtalk_add_data -client project -key target_device -value "NA" -context "software_version_and_target_device"
# webtalk_add_data -client project -key target_package -value "NA" -context "software_version_and_target_device"
# webtalk_add_data -client project -key target_speed -value "NA" -context "software_version_and_target_device"
# webtalk_add_data -client project -key random_id -value "mkp10f67e7nedq83bnqpt2d753" -context "software_version_and_target_device"
# webtalk_add_data -client project -key project_id -value "2018.3_2" -context "software_version_and_target_device"
# webtalk_add_data -client project -key project_iteration -value "2" -context "software_version_and_target_device"
# webtalk_add_data -client project -key os_name -value "Microsoft Windows 8 or later , 64-bit" -context "user_environment"
# webtalk_add_data -client project -key os_release -value "major release  (build 9200)" -context "user_environment"
# webtalk_add_data -client project -key cpu_name -value "Intel(R) Core(TM) i5-8300H CPU @ 2.30GHz" -context "user_environment"
# webtalk_add_data -client project -key cpu_speed -value "2304 MHz" -context "user_environment"
# webtalk_add_data -client project -key total_processors -value "1" -context "user_environment"
# webtalk_add_data -client project -key system_ram -value "34.244 GB" -context "user_environment"
# webtalk_register_client -client sdk
# webtalk_add_data -client sdk -key uid -value "1686722363336" -context "sdk\\\\bsp/1686722363336"
# webtalk_add_data -client sdk -key hwid -value "1686643571364" -context "sdk\\\\bsp/1686722363336"
# webtalk_add_data -client sdk -key os -value "standalone" -context "sdk\\\\bsp/1686722363336"
# webtalk_add_data -client sdk -key apptemplate -value "empty_application" -context "sdk\\\\bsp/1686722363336"
# webtalk_add_data -client sdk -key RecordType -value "BSPCreation" -context "sdk\\\\bsp/1686722363336"
# webtalk_add_data -client sdk -key uid -value "1686722375765" -context "sdk\\\\application/1686722375765"
# webtalk_add_data -client sdk -key hwid -value "1686643571364" -context "sdk\\\\application/1686722375765"
# webtalk_add_data -client sdk -key bspid -value "1686722363336" -context "sdk\\\\application/1686722375765"
# webtalk_add_data -client sdk -key newbsp -value "true" -context "sdk\\\\application/1686722375765"
# webtalk_add_data -client sdk -key os -value "standalone" -context "sdk\\\\application/1686722375765"
# webtalk_add_data -client sdk -key apptemplate -value "empty_application" -context "sdk\\\\application/1686722375765"
# webtalk_add_data -client sdk -key RecordType -value "APPCreation" -context "sdk\\\\application/1686722375765"
# webtalk_add_data -client sdk -key LangUsed -value "C" -context "sdk\\\\application/1686722375765"
# webtalk_add_data -client sdk -key Procused -value "microblaze" -context "sdk\\\\application/1686722375765"
# webtalk_add_data -client sdk -key projSize -value "198.97265625" -context "sdk\\\\application/1686722375765"
# webtalk_add_data -client sdk -key uid -value "NA" -context "sdk\\\\bsp/1686736495699"
# webtalk_add_data -client sdk -key RecordType -value "ToolUsage" -context "sdk\\\\bsp/1686736495699"
# webtalk_add_data -client sdk -key BootgenCount -value "3" -context "sdk\\\\bsp/1686736495699"
# webtalk_add_data -client sdk -key DebugCount -value "0" -context "sdk\\\\bsp/1686736495699"
# webtalk_add_data -client sdk -key PerfCount -value "0" -context "sdk\\\\bsp/1686736495699"
# webtalk_add_data -client sdk -key FlashCount -value "0" -context "sdk\\\\bsp/1686736495699"
# webtalk_add_data -client sdk -key CrossTriggCount -value "0" -context "sdk\\\\bsp/1686736495699"
# webtalk_add_data -client sdk -key QemuDebugCount -value "0" -context "sdk\\\\bsp/1686736495699"
# webtalk_transmit -clientid 2599281536 -regid "" -xml D:\\robotCourse-master\\hw_design\\arch\\Car\\Car.sdk\\webtalk\\usage_statistics_ext_sdk.xml -html D:\\robotCourse-master\\hw_design\\arch\\Car\\Car.sdk\\webtalk\\usage_statistics_ext_sdk.html -wdm D:\\robotCourse-master\\hw_design\\arch\\Car\\Car.sdk\\webtalk\\sdk_webtalk.wdm -intro "<H3>SDK Usage Report</H3><BR>"
# webtalk_terminate
INFO: [Common 17-206] Exiting Webtalk at Wed Jun 14 17:55:01 2023...
